<?xml version="1.0" encoding="UTF-8"?>
<!-- Generated by org.testng.reporters.JUnitReportReporter -->
<testsuite skipped="0" hostname="Gagans-MacBook-Pro.local" name="qaclickacademy.RestAPITest" tests="2" failures="0" timestamp="2020-05-22T12:24:23 PDT" time="0.016" errors="0">
  <testcase name="PostJira" time="0.003" classname="qaclickacademy.RestAPITest"/>
  <system-out/>
  <testcase name="DeleteTwitter" time="0.013" classname="qaclickacademy.RestAPITest"/>
  <system-out/>
</testsuite> <!-- qaclickacademy.RestAPITest -->
