<?xml version="1.0" encoding="UTF-8"?>
<!-- Generated by org.testng.reporters.JUnitReportReporter -->
<testsuite skipped="0" hostname="Gagans-MacBook-Pro.local" name="qaclickacademy.AppiumTest" tests="2" failures="0" timestamp="2020-05-22T12:23:21 PDT" time="0.017" errors="0">
  <testcase name="iOSApp" time="0.004" classname="qaclickacademy.AppiumTest"/>
  <system-out/>
  <testcase name="AndroidApp" time="0.013" classname="qaclickacademy.AppiumTest"/>
  <system-out/>
</testsuite> <!-- qaclickacademy.AppiumTest -->
