<?xml version="1.0" encoding="UTF-8"?>
<!-- Generated by org.testng.reporters.JUnitReportReporter -->
<testsuite skipped="0" hostname="Gagans-MacBook-Pro.local" name="qaclickacademy.SeleniumTest" tests="2" failures="0" timestamp="2020-05-22T12:23:21 PDT" time="0.005" errors="0">
  <testcase name="BrowserAutomation" time="0.003" classname="qaclickacademy.SeleniumTest"/>
  <system-out/>
  <testcase name="ElementsUI" time="0.002" classname="qaclickacademy.SeleniumTest"/>
  <system-out/>
</testsuite> <!-- qaclickacademy.SeleniumTest -->
